<?xml version="1.0" encoding="UTF-8"?>
<testsuite xmlns:xsi="http://www.w3.org/2001/XMLSchema-instance" xsi:noNamespaceSchemaLocation="https://maven.apache.org/surefire/maven-surefire-plugin/xsd/surefire-test-report.xsd" name="com.firstmavenproject.AppTest" time="0.096" tests="1" errors="0" skipped="0" failures="0">
  <properties>
    <property name="java.specification.version" value="17"/>
    <property name="sun.jnu.encoding" value="UTF-8"/>
    <property name="java.class.path" value="/home/zebunto/cursos/learn-Java/mavenProject/meu-java-maven-vscode/target/test-classes:/home/zebunto/cursos/learn-Java/mavenProject/meu-java-maven-vscode/target/classes:/home/zebunto/.m2/repository/org/postgresql/postgresql/42.7.7/postgresql-42.7.7.jar:/home/zebunto/.m2/repository/org/checkerframework/checker-qual/3.49.3/checker-qual-3.49.3.jar:/home/zebunto/.m2/repository/com/password4j/password4j/1.8.4/password4j-1.8.4.jar:/home/zebunto/.m2/repository/org/slf4j/slf4j-api/2.0.12/slf4j-api-2.0.12.jar:/home/zebunto/.m2/repository/junit/junit/4.11/junit-4.11.jar:/home/zebunto/.m2/repository/org/hamcrest/hamcrest-core/1.3/hamcrest-core-1.3.jar:"/>
    <property name="java.vm.vendor" value="Oracle Corporation"/>
    <property name="sun.arch.data.model" value="64"/>
    <property name="java.vendor.url" value="https://java.oracle.com/"/>
    <property name="os.name" value="Linux"/>
    <property name="java.vm.specification.version" value="17"/>
    <property name="sun.java.launcher" value="SUN_STANDARD"/>
    <property name="user.country" value="US"/>
    <property name="sun.boot.library.path" value="/home/zebunto/.asdf/installs/java/openjdk-17.0.2/lib"/>
    <property name="sun.java.command" value="/home/zebunto/cursos/learn-Java/mavenProject/meu-java-maven-vscode/target/surefire/surefirebooter11144891940126695342.jar /home/zebunto/cursos/learn-Java/mavenProject/meu-java-maven-vscode/target/surefire 2025-10-15T20-48-23_518-jvmRun1 surefire17952285999396312161tmp surefire_018295278908086149529tmp"/>
    <property name="jdk.debug" value="release"/>
    <property name="surefire.test.class.path" value="/home/zebunto/cursos/learn-Java/mavenProject/meu-java-maven-vscode/target/test-classes:/home/zebunto/cursos/learn-Java/mavenProject/meu-java-maven-vscode/target/classes:/home/zebunto/.m2/repository/org/postgresql/postgresql/42.7.7/postgresql-42.7.7.jar:/home/zebunto/.m2/repository/org/checkerframework/checker-qual/3.49.3/checker-qual-3.49.3.jar:/home/zebunto/.m2/repository/com/password4j/password4j/1.8.4/password4j-1.8.4.jar:/home/zebunto/.m2/repository/org/slf4j/slf4j-api/2.0.12/slf4j-api-2.0.12.jar:/home/zebunto/.m2/repository/junit/junit/4.11/junit-4.11.jar:/home/zebunto/.m2/repository/org/hamcrest/hamcrest-core/1.3/hamcrest-core-1.3.jar:"/>
    <property name="sun.cpu.endian" value="little"/>
    <property name="user.home" value="/home/zebunto"/>
    <property name="user.language" value="en"/>
    <property name="java.specification.vendor" value="Oracle Corporation"/>
    <property name="java.version.date" value="2022-01-18"/>
    <property name="java.home" value="/home/zebunto/.asdf/installs/java/openjdk-17.0.2"/>
    <property name="file.separator" value="/"/>
    <property name="basedir" value="/home/zebunto/cursos/learn-Java/mavenProject/meu-java-maven-vscode"/>
    <property name="java.vm.compressedOopsMode" value="Zero based"/>
    <property name="line.separator" value="&#10;"/>
    <property name="java.vm.specification.vendor" value="Oracle Corporation"/>
    <property name="java.specification.name" value="Java Platform API Specification"/>
    <property name="surefire.real.class.path" value="/home/zebunto/cursos/learn-Java/mavenProject/meu-java-maven-vscode/target/surefire/surefirebooter11144891940126695342.jar"/>
    <property name="sun.management.compiler" value="HotSpot 64-Bit Tiered Compilers"/>
    <property name="java.runtime.version" value="17.0.2+8-86"/>
    <property name="user.name" value="zebunto"/>
    <property name="path.separator" value=":"/>
    <property name="os.version" value="6.8.0-85-generic"/>
    <property name="java.runtime.name" value="OpenJDK Runtime Environment"/>
    <property name="file.encoding" value="UTF-8"/>
    <property name="java.vm.name" value="OpenJDK 64-Bit Server VM"/>
    <property name="localRepository" value="/home/zebunto/.m2/repository"/>
    <property name="java.vendor.url.bug" value="https://bugreport.java.com/bugreport/"/>
    <property name="java.io.tmpdir" value="/tmp"/>
    <property name="java.version" value="17.0.2"/>
    <property name="user.dir" value="/home/zebunto/cursos/learn-Java/mavenProject/meu-java-maven-vscode"/>
    <property name="os.arch" value="amd64"/>
    <property name="java.vm.specification.name" value="Java Virtual Machine Specification"/>
    <property name="native.encoding" value="UTF-8"/>
    <property name="java.library.path" value="/usr/java/packages/lib:/usr/lib64:/lib64:/lib:/usr/lib"/>
    <property name="java.vm.info" value="mixed mode, sharing"/>
    <property name="java.vendor" value="Oracle Corporation"/>
    <property name="java.vm.version" value="17.0.2+8-86"/>
    <property name="sun.io.unicode.encoding" value="UnicodeLittle"/>
    <property name="java.class.version" value="61.0"/>
  </properties>
  <testcase name="shouldAnswerWithTrue" classname="com.firstmavenproject.AppTest" time="0.003"/>
</testsuite>